==20748== Memcheck, a memory error detector
==20748== Copyright (C) 2002-2013, and GNU GPL'd, by Julian Seward et al.
==20748== Using Valgrind-3.10.1 and LibVEX; rerun with -h for copyright info
==20748== Command: ./rlg327 -n 25
==20748== Parent PID: 12805
==20748== 
==20748== 
==20748== HEAP SUMMARY:
==20748==     in use at exit: 69,311 bytes in 333 blocks
==20748==   total heap usage: 12,615 allocs, 12,282 frees, 663,078 bytes allocated
==20748== 
==20748== 6 bytes in 1 blocks are still reachable in loss record 1 of 40
==20748==    at 0x4C2AADD: malloc (vg_replace_malloc.c:296)
==20748==    by 0x592DB99: strdup (in /lib64/libc-2.17.so)
==20748==    by 0x4E634E1: _nc_setupterm (in /lib64/libncurses.so.5.9)
==20748==    by 0x4E51D69: newterm (in /lib64/libncurses.so.5.9)
==20748==    by 0x4E4EB82: initscr (in /lib64/libncurses.so.5.9)
==20748==    by 0x40B7FC: io_init_terminal (io.c:27)
==20748==    by 0x401C5E: main (rlg327.c:186)
==20748== 
==20748== 8 bytes in 1 blocks are still reachable in loss record 2 of 40
==20748==    at 0x4C2C854: calloc (vg_replace_malloc.c:623)
==20748==    by 0x4E546B5: _nc_setupscreen (in /lib64/libncurses.so.5.9)
==20748==    by 0x4E51DAD: newterm (in /lib64/libncurses.so.5.9)
==20748==    by 0x4E4EB82: initscr (in /lib64/libncurses.so.5.9)
==20748==    by 0x40B7FC: io_init_terminal (io.c:27)
==20748==    by 0x401C5E: main (rlg327.c:186)
==20748== 
==20748== 15 bytes in 1 blocks are still reachable in loss record 3 of 40
==20748==    at 0x4C2AADD: malloc (vg_replace_malloc.c:296)
==20748==    by 0x592DB99: strdup (in /lib64/libc-2.17.so)
==20748==    by 0x4E60AC3: ??? (in /lib64/libncurses.so.5.9)
==20748==    by 0x4E60D8E: _nc_first_db (in /lib64/libncurses.so.5.9)
==20748==    by 0x4E68FAC: _nc_read_entry (in /lib64/libncurses.so.5.9)
==20748==    by 0x4E63165: _nc_setup_tinfo (in /lib64/libncurses.so.5.9)
==20748==    by 0x4E63491: _nc_setupterm (in /lib64/libncurses.so.5.9)
==20748==    by 0x4E51D69: newterm (in /lib64/libncurses.so.5.9)
==20748==    by 0x4E4EB82: initscr (in /lib64/libncurses.so.5.9)
==20748==    by 0x40B7FC: io_init_terminal (io.c:27)
==20748==    by 0x401C5E: main (rlg327.c:186)
==20748== 
==20748== 18 bytes in 1 blocks are still reachable in loss record 4 of 40
==20748==    at 0x4C2AADD: malloc (vg_replace_malloc.c:296)
==20748==    by 0x4E645FE: _nc_tparm_analyze (in /lib64/libncurses.so.5.9)
==20748==    by 0x4E6487B: tparm (in /lib64/libncurses.so.5.9)
==20748==    by 0x4E517CE: _nc_mvcur_init (in /lib64/libncurses.so.5.9)
==20748==    by 0x4E51EF5: newterm (in /lib64/libncurses.so.5.9)
==20748==    by 0x4E4EB82: initscr (in /lib64/libncurses.so.5.9)
==20748==    by 0x40B7FC: io_init_terminal (io.c:27)
==20748==    by 0x401C5E: main (rlg327.c:186)
==20748== 
==20748== 24 bytes in 1 blocks are still reachable in loss record 5 of 40
==20748==    at 0x4C2C854: calloc (vg_replace_malloc.c:623)
==20748==    by 0x4E5F023: _nc_add_to_try (in /lib64/libncurses.so.5.9)
==20748==    by 0x4E615A3: _nc_init_keytry (in /lib64/libncurses.so.5.9)
==20748==    by 0x4E62633: _nc_keypad (in /lib64/libncurses.so.5.9)
==20748==    by 0x40B824: io_init_terminal (io.c:31)
==20748==    by 0x401C5E: main (rlg327.c:186)
==20748== 
==20748== 27 bytes in 1 blocks are still reachable in loss record 6 of 40
==20748==    at 0x4C2AADD: malloc (vg_replace_malloc.c:296)
==20748==    by 0x4E61504: _nc_home_terminfo (in /lib64/libncurses.so.5.9)
==20748==    by 0x4E60D78: _nc_first_db (in /lib64/libncurses.so.5.9)
==20748==    by 0x4E68FAC: _nc_read_entry (in /lib64/libncurses.so.5.9)
==20748==    by 0x4E63165: _nc_setup_tinfo (in /lib64/libncurses.so.5.9)
==20748==    by 0x4E63491: _nc_setupterm (in /lib64/libncurses.so.5.9)
==20748==    by 0x4E51D69: newterm (in /lib64/libncurses.so.5.9)
==20748==    by 0x4E4EB82: initscr (in /lib64/libncurses.so.5.9)
==20748==    by 0x40B7FC: io_init_terminal (io.c:27)
==20748==    by 0x401C5E: main (rlg327.c:186)
==20748== 
==20748== 32 bytes in 1 blocks are still reachable in loss record 7 of 40
==20748==    at 0x4C2C854: calloc (vg_replace_malloc.c:623)
==20748==    by 0x4E60E73: _nc_first_db (in /lib64/libncurses.so.5.9)
==20748==    by 0x4E68FAC: _nc_read_entry (in /lib64/libncurses.so.5.9)
==20748==    by 0x4E63165: _nc_setup_tinfo (in /lib64/libncurses.so.5.9)
==20748==    by 0x4E63491: _nc_setupterm (in /lib64/libncurses.so.5.9)
==20748==    by 0x4E51D69: newterm (in /lib64/libncurses.so.5.9)
==20748==    by 0x4E4EB82: initscr (in /lib64/libncurses.so.5.9)
==20748==    by 0x40B7FC: io_init_terminal (io.c:27)
==20748==    by 0x401C5E: main (rlg327.c:186)
==20748== 
==20748== 46 bytes in 1 blocks are still reachable in loss record 8 of 40
==20748==    at 0x4C2CA2A: realloc (vg_replace_malloc.c:692)
==20748==    by 0x4E611B2: _nc_doalloc (in /lib64/libncurses.so.5.9)
==20748==    by 0x4E68B96: _nc_read_termtype (in /lib64/libncurses.so.5.9)
==20748==    by 0x4E68EAF: _nc_read_file_entry (in /lib64/libncurses.so.5.9)
==20748==    by 0x4E6900B: _nc_read_entry (in /lib64/libncurses.so.5.9)
==20748==    by 0x4E63165: _nc_setup_tinfo (in /lib64/libncurses.so.5.9)
==20748==    by 0x4E63491: _nc_setupterm (in /lib64/libncurses.so.5.9)
==20748==    by 0x4E51D69: newterm (in /lib64/libncurses.so.5.9)
==20748==    by 0x4E4EB82: initscr (in /lib64/libncurses.so.5.9)
==20748==    by 0x40B7FC: io_init_terminal (io.c:27)
==20748==    by 0x401C5E: main (rlg327.c:186)
==20748== 
==20748== 66 bytes in 1 blocks are still reachable in loss record 9 of 40
==20748==    at 0x4C2CA2A: realloc (vg_replace_malloc.c:692)
==20748==    by 0x4E611B2: _nc_doalloc (in /lib64/libncurses.so.5.9)
==20748==    by 0x4E65CE7: tparm (in /lib64/libncurses.so.5.9)
==20748==    by 0x4E517CE: _nc_mvcur_init (in /lib64/libncurses.so.5.9)
==20748==    by 0x4E51EF5: newterm (in /lib64/libncurses.so.5.9)
==20748==    by 0x4E4EB82: initscr (in /lib64/libncurses.so.5.9)
==20748==    by 0x40B7FC: io_init_terminal (io.c:27)
==20748==    by 0x401C5E: main (rlg327.c:186)
==20748== 
==20748== 74 bytes in 1 blocks are still reachable in loss record 10 of 40
==20748==    at 0x4C2AADD: malloc (vg_replace_malloc.c:296)
==20748==    by 0x4E60DDB: _nc_first_db (in /lib64/libncurses.so.5.9)
==20748==    by 0x4E68FAC: _nc_read_entry (in /lib64/libncurses.so.5.9)
==20748==    by 0x4E63165: _nc_setup_tinfo (in /lib64/libncurses.so.5.9)
==20748==    by 0x4E63491: _nc_setupterm (in /lib64/libncurses.so.5.9)
==20748==    by 0x4E51D69: newterm (in /lib64/libncurses.so.5.9)
==20748==    by 0x4E4EB82: initscr (in /lib64/libncurses.so.5.9)
==20748==    by 0x40B7FC: io_init_terminal (io.c:27)
==20748==    by 0x401C5E: main (rlg327.c:186)
==20748== 
==20748== 80 bytes in 1 blocks are still reachable in loss record 11 of 40
==20748==    at 0x4C2CA2A: realloc (vg_replace_malloc.c:692)
==20748==    by 0x4E611B2: _nc_doalloc (in /lib64/libncurses.so.5.9)
==20748==    by 0x4E68BB3: _nc_read_termtype (in /lib64/libncurses.so.5.9)
==20748==    by 0x4E68EAF: _nc_read_file_entry (in /lib64/libncurses.so.5.9)
==20748==    by 0x4E6900B: _nc_read_entry (in /lib64/libncurses.so.5.9)
==20748==    by 0x4E63165: _nc_setup_tinfo (in /lib64/libncurses.so.5.9)
==20748==    by 0x4E63491: _nc_setupterm (in /lib64/libncurses.so.5.9)
==20748==    by 0x4E51D69: newterm (in /lib64/libncurses.so.5.9)
==20748==    by 0x4E4EB82: initscr (in /lib64/libncurses.so.5.9)
==20748==    by 0x40B7FC: io_init_terminal (io.c:27)
==20748==    by 0x401C5E: main (rlg327.c:186)
==20748== 
==20748== 96 bytes in 1 blocks are still reachable in loss record 12 of 40
==20748==    at 0x4C2AADD: malloc (vg_replace_malloc.c:296)
==20748==    by 0x4E48262: _nc_scroll_optimize (in /lib64/libncurses.so.5.9)
==20748==    by 0x4E5DC66: doupdate (in /lib64/libncurses.so.5.9)
==20748==    by 0x4E53678: wrefresh (in /lib64/libncurses.so.5.9)
==20748==    by 0x4E4D77E: _nc_wgetch (in /lib64/libncurses.so.5.9)
==20748==    by 0x4E4E4C4: wgetch (in /lib64/libncurses.so.5.9)
==20748==    by 0x40C4D1: io_scroll_monster_list (io.c:337)
==20748==    by 0x40C8E7: io_list_monsters_display (io.c:396)
==20748==    by 0x40CB7E: io_list_monsters (io.c:432)
==20748==    by 0x40CDB8: io_handle_input (io.c:534)
==20748==    by 0x40B3CF: do_moves (move.c:76)
==20748==    by 0x401D04: main (rlg327.c:202)
==20748== 
==20748== 112 bytes in 1 blocks are still reachable in loss record 13 of 40
==20748==    at 0x4C2C854: calloc (vg_replace_malloc.c:623)
==20748==    by 0x4E5238D: _nc_makenew (in /lib64/libncurses.so.5.9)
==20748==    by 0x4E525F3: newwin (in /lib64/libncurses.so.5.9)
==20748==    by 0x4E54AA7: _nc_setupscreen (in /lib64/libncurses.so.5.9)
==20748==    by 0x4E51DAD: newterm (in /lib64/libncurses.so.5.9)
==20748==    by 0x4E4EB82: initscr (in /lib64/libncurses.so.5.9)
==20748==    by 0x40B7FC: io_init_terminal (io.c:27)
==20748==    by 0x401C5E: main (rlg327.c:186)
==20748== 
==20748== 112 bytes in 1 blocks are still reachable in loss record 14 of 40
==20748==    at 0x4C2C854: calloc (vg_replace_malloc.c:623)
==20748==    by 0x4E5238D: _nc_makenew (in /lib64/libncurses.so.5.9)
==20748==    by 0x4E525F3: newwin (in /lib64/libncurses.so.5.9)
==20748==    by 0x4E54AC8: _nc_setupscreen (in /lib64/libncurses.so.5.9)
==20748==    by 0x4E51DAD: newterm (in /lib64/libncurses.so.5.9)
==20748==    by 0x4E4EB82: initscr (in /lib64/libncurses.so.5.9)
==20748==    by 0x40B7FC: io_init_terminal (io.c:27)
==20748==    by 0x401C5E: main (rlg327.c:186)
==20748== 
==20748== 112 bytes in 1 blocks are still reachable in loss record 15 of 40
==20748==    at 0x4C2C854: calloc (vg_replace_malloc.c:623)
==20748==    by 0x4E5238D: _nc_makenew (in /lib64/libncurses.so.5.9)
==20748==    by 0x4E525F3: newwin (in /lib64/libncurses.so.5.9)
==20748==    by 0x4E54C24: _nc_setupscreen (in /lib64/libncurses.so.5.9)
==20748==    by 0x4E51DAD: newterm (in /lib64/libncurses.so.5.9)
==20748==    by 0x4E4EB82: initscr (in /lib64/libncurses.so.5.9)
==20748==    by 0x40B7FC: io_init_terminal (io.c:27)
==20748==    by 0x401C5E: main (rlg327.c:186)
==20748== 
==20748== 128 bytes in 1 blocks are still reachable in loss record 16 of 40
==20748==    at 0x4C2C854: calloc (vg_replace_malloc.c:623)
==20748==    by 0x4E54682: _nc_setupscreen (in /lib64/libncurses.so.5.9)
==20748==    by 0x4E51DAD: newterm (in /lib64/libncurses.so.5.9)
==20748==    by 0x4E4EB82: initscr (in /lib64/libncurses.so.5.9)
==20748==    by 0x40B7FC: io_init_terminal (io.c:27)
==20748==    by 0x401C5E: main (rlg327.c:186)
==20748== 
==20748== 128 bytes in 1 blocks are still reachable in loss record 17 of 40
==20748==    at 0x4C2C854: calloc (vg_replace_malloc.c:623)
==20748==    by 0x4E4B173: start_color (in /lib64/libncurses.so.5.9)
==20748==    by 0x40B829: io_init_terminal (io.c:32)
==20748==    by 0x401C5E: main (rlg327.c:186)
==20748== 
==20748== 192 bytes in 1 blocks are still reachable in loss record 18 of 40
==20748==    at 0x4C2C854: calloc (vg_replace_malloc.c:623)
==20748==    by 0x4E48F28: _nc_hash_map (in /lib64/libncurses.so.5.9)
==20748==    by 0x4E481C7: _nc_scroll_optimize (in /lib64/libncurses.so.5.9)
==20748==    by 0x4E5DC66: doupdate (in /lib64/libncurses.so.5.9)
==20748==    by 0x4E53678: wrefresh (in /lib64/libncurses.so.5.9)
==20748==    by 0x4E4D77E: _nc_wgetch (in /lib64/libncurses.so.5.9)
==20748==    by 0x4E4E4C4: wgetch (in /lib64/libncurses.so.5.9)
==20748==    by 0x40C4D1: io_scroll_monster_list (io.c:337)
==20748==    by 0x40C8E7: io_list_monsters_display (io.c:396)
==20748==    by 0x40CB7E: io_list_monsters (io.c:432)
==20748==    by 0x40CDB8: io_handle_input (io.c:534)
==20748==    by 0x40B3CF: do_moves (move.c:76)
==20748== 
==20748== 192 bytes in 1 blocks are still reachable in loss record 19 of 40
==20748==    at 0x4C2C854: calloc (vg_replace_malloc.c:623)
==20748==    by 0x4E49039: _nc_hash_map (in /lib64/libncurses.so.5.9)
==20748==    by 0x4E481C7: _nc_scroll_optimize (in /lib64/libncurses.so.5.9)
==20748==    by 0x4E5DC66: doupdate (in /lib64/libncurses.so.5.9)
==20748==    by 0x4E53678: wrefresh (in /lib64/libncurses.so.5.9)
==20748==    by 0x4E4D77E: _nc_wgetch (in /lib64/libncurses.so.5.9)
==20748==    by 0x4E4E4C4: wgetch (in /lib64/libncurses.so.5.9)
==20748==    by 0x40C4D1: io_scroll_monster_list (io.c:337)
==20748==    by 0x40C8E7: io_list_monsters_display (io.c:396)
==20748==    by 0x40CB7E: io_list_monsters (io.c:432)
==20748==    by 0x40CDB8: io_handle_input (io.c:534)
==20748==    by 0x40B3CF: do_moves (move.c:76)
==20748== 
==20748== 208 bytes in 1 blocks are still reachable in loss record 20 of 40
==20748==    at 0x4C2C854: calloc (vg_replace_malloc.c:623)
==20748==    by 0x4E6347A: _nc_setupterm (in /lib64/libncurses.so.5.9)
==20748==    by 0x4E51D69: newterm (in /lib64/libncurses.so.5.9)
==20748==    by 0x4E4EB82: initscr (in /lib64/libncurses.so.5.9)
==20748==    by 0x40B7FC: io_init_terminal (io.c:27)
==20748==    by 0x401C5E: main (rlg327.c:186)
==20748== 
==20748== 324 bytes in 1 blocks are still reachable in loss record 21 of 40
==20748==    at 0x4C2C854: calloc (vg_replace_malloc.c:623)
==20748==    by 0x4E4B153: start_color (in /lib64/libncurses.so.5.9)
==20748==    by 0x40B829: io_init_terminal (io.c:32)
==20748==    by 0x401C5E: main (rlg327.c:186)
==20748== 
==20748== 384 bytes in 1 blocks are still reachable in loss record 22 of 40
==20748==    at 0x4C2C854: calloc (vg_replace_malloc.c:623)
==20748==    by 0x4E523B8: _nc_makenew (in /lib64/libncurses.so.5.9)
==20748==    by 0x4E525F3: newwin (in /lib64/libncurses.so.5.9)
==20748==    by 0x4E54AA7: _nc_setupscreen (in /lib64/libncurses.so.5.9)
==20748==    by 0x4E51DAD: newterm (in /lib64/libncurses.so.5.9)
==20748==    by 0x4E4EB82: initscr (in /lib64/libncurses.so.5.9)
==20748==    by 0x40B7FC: io_init_terminal (io.c:27)
==20748==    by 0x401C5E: main (rlg327.c:186)
==20748== 
==20748== 384 bytes in 1 blocks are still reachable in loss record 23 of 40
==20748==    at 0x4C2C854: calloc (vg_replace_malloc.c:623)
==20748==    by 0x4E523B8: _nc_makenew (in /lib64/libncurses.so.5.9)
==20748==    by 0x4E525F3: newwin (in /lib64/libncurses.so.5.9)
==20748==    by 0x4E54AC8: _nc_setupscreen (in /lib64/libncurses.so.5.9)
==20748==    by 0x4E51DAD: newterm (in /lib64/libncurses.so.5.9)
==20748==    by 0x4E4EB82: initscr (in /lib64/libncurses.so.5.9)
==20748==    by 0x40B7FC: io_init_terminal (io.c:27)
==20748==    by 0x401C5E: main (rlg327.c:186)
==20748== 
==20748== 384 bytes in 1 blocks are still reachable in loss record 24 of 40
==20748==    at 0x4C2C854: calloc (vg_replace_malloc.c:623)
==20748==    by 0x4E523B8: _nc_makenew (in /lib64/libncurses.so.5.9)
==20748==    by 0x4E525F3: newwin (in /lib64/libncurses.so.5.9)
==20748==    by 0x4E54C24: _nc_setupscreen (in /lib64/libncurses.so.5.9)
==20748==    by 0x4E51DAD: newterm (in /lib64/libncurses.so.5.9)
==20748==    by 0x4E4EB82: initscr (in /lib64/libncurses.so.5.9)
==20748==    by 0x40B7FC: io_init_terminal (io.c:27)
==20748==    by 0x401C5E: main (rlg327.c:186)
==20748== 
==20748== 504 bytes in 21 blocks are still reachable in loss record 25 of 40
==20748==    at 0x4C2C854: calloc (vg_replace_malloc.c:623)
==20748==    by 0x4E5EF65: _nc_add_to_try (in /lib64/libncurses.so.5.9)
==20748==    by 0x4E61658: _nc_init_keytry (in /lib64/libncurses.so.5.9)
==20748==    by 0x4E62633: _nc_keypad (in /lib64/libncurses.so.5.9)
==20748==    by 0x40B824: io_init_terminal (io.c:31)
==20748==    by 0x401C5E: main (rlg327.c:186)
==20748== 
==20748== 528 bytes in 1 blocks are still reachable in loss record 26 of 40
==20748==    at 0x4C2C854: calloc (vg_replace_malloc.c:623)
==20748==    by 0x4E68C94: _nc_read_termtype (in /lib64/libncurses.so.5.9)
==20748==    by 0x4E68EAF: _nc_read_file_entry (in /lib64/libncurses.so.5.9)
==20748==    by 0x4E6900B: _nc_read_entry (in /lib64/libncurses.so.5.9)
==20748==    by 0x4E63165: _nc_setup_tinfo (in /lib64/libncurses.so.5.9)
==20748==    by 0x4E63491: _nc_setupterm (in /lib64/libncurses.so.5.9)
==20748==    by 0x4E51D69: newterm (in /lib64/libncurses.so.5.9)
==20748==    by 0x4E4EB82: initscr (in /lib64/libncurses.so.5.9)
==20748==    by 0x40B7FC: io_init_terminal (io.c:27)
==20748==    by 0x401C5E: main (rlg327.c:186)
==20748== 
==20748== 757 bytes in 1 blocks are still reachable in loss record 27 of 40
==20748==    at 0x4C2AADD: malloc (vg_replace_malloc.c:296)
==20748==    by 0x4E68DB1: _nc_read_termtype (in /lib64/libncurses.so.5.9)
==20748==    by 0x4E68EAF: _nc_read_file_entry (in /lib64/libncurses.so.5.9)
==20748==    by 0x4E6900B: _nc_read_entry (in /lib64/libncurses.so.5.9)
==20748==    by 0x4E63165: _nc_setup_tinfo (in /lib64/libncurses.so.5.9)
==20748==    by 0x4E63491: _nc_setupterm (in /lib64/libncurses.so.5.9)
==20748==    by 0x4E51D69: newterm (in /lib64/libncurses.so.5.9)
==20748==    by 0x4E4EB82: initscr (in /lib64/libncurses.so.5.9)
==20748==    by 0x40B7FC: io_init_terminal (io.c:27)
==20748==    by 0x401C5E: main (rlg327.c:186)
==20748== 
==20748== 1,024 bytes in 1 blocks are still reachable in loss record 28 of 40
==20748==    at 0x4C2C854: calloc (vg_replace_malloc.c:623)
==20748==    by 0x4E54663: _nc_setupscreen (in /lib64/libncurses.so.5.9)
==20748==    by 0x4E51DAD: newterm (in /lib64/libncurses.so.5.9)
==20748==    by 0x4E4EB82: initscr (in /lib64/libncurses.so.5.9)
==20748==    by 0x40B7FC: io_init_terminal (io.c:27)
==20748==    by 0x401C5E: main (rlg327.c:186)
==20748== 
==20748== 1,200 bytes in 1 blocks are still reachable in loss record 29 of 40
==20748==    at 0x4C2AADD: malloc (vg_replace_malloc.c:296)
==20748==    by 0x4E48BD1: _nc_hash_map (in /lib64/libncurses.so.5.9)
==20748==    by 0x4E481C7: _nc_scroll_optimize (in /lib64/libncurses.so.5.9)
==20748==    by 0x4E5DC66: doupdate (in /lib64/libncurses.so.5.9)
==20748==    by 0x4E53678: wrefresh (in /lib64/libncurses.so.5.9)
==20748==    by 0x4E4D77E: _nc_wgetch (in /lib64/libncurses.so.5.9)
==20748==    by 0x4E4E4C4: wgetch (in /lib64/libncurses.so.5.9)
==20748==    by 0x40C4D1: io_scroll_monster_list (io.c:337)
==20748==    by 0x40C8E7: io_list_monsters_display (io.c:396)
==20748==    by 0x40CB7E: io_list_monsters (io.c:432)
==20748==    by 0x40CDB8: io_handle_input (io.c:534)
==20748==    by 0x40B3CF: do_moves (move.c:76)
==20748== 
==20748== 1,200 bytes in 50 blocks are still reachable in loss record 30 of 40
==20748==    at 0x4C2C854: calloc (vg_replace_malloc.c:623)
==20748==    by 0x4E5EFBE: _nc_add_to_try (in /lib64/libncurses.so.5.9)
==20748==    by 0x4E61658: _nc_init_keytry (in /lib64/libncurses.so.5.9)
==20748==    by 0x4E62633: _nc_keypad (in /lib64/libncurses.so.5.9)
==20748==    by 0x40B824: io_init_terminal (io.c:31)
==20748==    by 0x401C5E: main (rlg327.c:186)
==20748== 
==20748== 1,437 bytes in 1 blocks are still reachable in loss record 31 of 40
==20748==    at 0x4C2AADD: malloc (vg_replace_malloc.c:296)
==20748==    by 0x4E686D8: _nc_read_termtype (in /lib64/libncurses.so.5.9)
==20748==    by 0x4E68EAF: _nc_read_file_entry (in /lib64/libncurses.so.5.9)
==20748==    by 0x4E6900B: _nc_read_entry (in /lib64/libncurses.so.5.9)
==20748==    by 0x4E63165: _nc_setup_tinfo (in /lib64/libncurses.so.5.9)
==20748==    by 0x4E63491: _nc_setupterm (in /lib64/libncurses.so.5.9)
==20748==    by 0x4E51D69: newterm (in /lib64/libncurses.so.5.9)
==20748==    by 0x4E4EB82: initscr (in /lib64/libncurses.so.5.9)
==20748==    by 0x40B7FC: io_init_terminal (io.c:27)
==20748==    by 0x401C5E: main (rlg327.c:186)
==20748== 
==20748== 1,664 bytes in 1 blocks are still reachable in loss record 32 of 40
==20748==    at 0x4C2C854: calloc (vg_replace_malloc.c:623)
==20748==    by 0x4E5463E: _nc_setupscreen (in /lib64/libncurses.so.5.9)
==20748==    by 0x4E51DAD: newterm (in /lib64/libncurses.so.5.9)
==20748==    by 0x4E4EB82: initscr (in /lib64/libncurses.so.5.9)
==20748==    by 0x40B7FC: io_init_terminal (io.c:27)
==20748==    by 0x401C5E: main (rlg327.c:186)
==20748== 
==20748== 1,680 bytes in 70 blocks are still reachable in loss record 33 of 40
==20748==    at 0x4C2C854: calloc (vg_replace_malloc.c:623)
==20748==    by 0x4E5EF65: _nc_add_to_try (in /lib64/libncurses.so.5.9)
==20748==    by 0x4E615A3: _nc_init_keytry (in /lib64/libncurses.so.5.9)
==20748==    by 0x4E62633: _nc_keypad (in /lib64/libncurses.so.5.9)
==20748==    by 0x40B824: io_init_terminal (io.c:31)
==20748==    by 0x401C5E: main (rlg327.c:186)
==20748== 
==20748== 1,945 bytes in 1 blocks are still reachable in loss record 34 of 40
==20748==    at 0x4C2AADD: malloc (vg_replace_malloc.c:296)
==20748==    by 0x4E57455: _nc_printf_string (in /lib64/libncurses.so.5.9)
==20748==    by 0x4E5305E: vwprintw (in /lib64/libncurses.so.5.9)
==20748==    by 0x4E53264: mvprintw (in /lib64/libncurses.so.5.9)
==20748==    by 0x40C5E2: io_list_monsters_display (io.c:364)
==20748==    by 0x40CB7E: io_list_monsters (io.c:432)
==20748==    by 0x40CDB8: io_handle_input (io.c:534)
==20748==    by 0x40B3CF: do_moves (move.c:76)
==20748==    by 0x401D04: main (rlg327.c:202)
==20748== 
==20748== 2,088 bytes in 87 blocks are still reachable in loss record 35 of 40
==20748==    at 0x4C2C854: calloc (vg_replace_malloc.c:623)
==20748==    by 0x4E5EFBE: _nc_add_to_try (in /lib64/libncurses.so.5.9)
==20748==    by 0x4E615A3: _nc_init_keytry (in /lib64/libncurses.so.5.9)
==20748==    by 0x4E62633: _nc_keypad (in /lib64/libncurses.so.5.9)
==20748==    by 0x40B824: io_init_terminal (io.c:31)
==20748==    by 0x401C5E: main (rlg327.c:186)
==20748== 
==20748== 2,236 bytes in 1 blocks are still reachable in loss record 36 of 40
==20748==    at 0x4C2AADD: malloc (vg_replace_malloc.c:296)
==20748==    by 0x4E54774: _nc_setupscreen (in /lib64/libncurses.so.5.9)
==20748==    by 0x4E51DAD: newterm (in /lib64/libncurses.so.5.9)
==20748==    by 0x4E4EB82: initscr (in /lib64/libncurses.so.5.9)
==20748==    by 0x40B7FC: io_init_terminal (io.c:27)
==20748==    by 0x401C5E: main (rlg327.c:186)
==20748== 
==20748== 3,816 bytes in 1 blocks are still reachable in loss record 37 of 40
==20748==    at 0x4C2CA2A: realloc (vg_replace_malloc.c:692)
==20748==    by 0x4E611B2: _nc_doalloc (in /lib64/libncurses.so.5.9)
==20748==    by 0x4E68BD1: _nc_read_termtype (in /lib64/libncurses.so.5.9)
==20748==    by 0x4E68EAF: _nc_read_file_entry (in /lib64/libncurses.so.5.9)
==20748==    by 0x4E6900B: _nc_read_entry (in /lib64/libncurses.so.5.9)
==20748==    by 0x4E63165: _nc_setup_tinfo (in /lib64/libncurses.so.5.9)
==20748==    by 0x4E63491: _nc_setupterm (in /lib64/libncurses.so.5.9)
==20748==    by 0x4E51D69: newterm (in /lib64/libncurses.so.5.9)
==20748==    by 0x4E4EB82: initscr (in /lib64/libncurses.so.5.9)
==20748==    by 0x40B7FC: io_init_terminal (io.c:27)
==20748==    by 0x401C5E: main (rlg327.c:186)
==20748== 
==20748== 15,360 bytes in 24 blocks are still reachable in loss record 38 of 40
==20748==    at 0x4C2C854: calloc (vg_replace_malloc.c:623)
==20748==    by 0x4E5262C: newwin (in /lib64/libncurses.so.5.9)
==20748==    by 0x4E54AA7: _nc_setupscreen (in /lib64/libncurses.so.5.9)
==20748==    by 0x4E51DAD: newterm (in /lib64/libncurses.so.5.9)
==20748==    by 0x4E4EB82: initscr (in /lib64/libncurses.so.5.9)
==20748==    by 0x40B7FC: io_init_terminal (io.c:27)
==20748==    by 0x401C5E: main (rlg327.c:186)
==20748== 
==20748== 15,360 bytes in 24 blocks are still reachable in loss record 39 of 40
==20748==    at 0x4C2C854: calloc (vg_replace_malloc.c:623)
==20748==    by 0x4E5262C: newwin (in /lib64/libncurses.so.5.9)
==20748==    by 0x4E54AC8: _nc_setupscreen (in /lib64/libncurses.so.5.9)
==20748==    by 0x4E51DAD: newterm (in /lib64/libncurses.so.5.9)
==20748==    by 0x4E4EB82: initscr (in /lib64/libncurses.so.5.9)
==20748==    by 0x40B7FC: io_init_terminal (io.c:27)
==20748==    by 0x401C5E: main (rlg327.c:186)
==20748== 
==20748== 15,360 bytes in 24 blocks are still reachable in loss record 40 of 40
==20748==    at 0x4C2C854: calloc (vg_replace_malloc.c:623)
==20748==    by 0x4E5262C: newwin (in /lib64/libncurses.so.5.9)
==20748==    by 0x4E54C24: _nc_setupscreen (in /lib64/libncurses.so.5.9)
==20748==    by 0x4E51DAD: newterm (in /lib64/libncurses.so.5.9)
==20748==    by 0x4E4EB82: initscr (in /lib64/libncurses.so.5.9)
==20748==    by 0x40B7FC: io_init_terminal (io.c:27)
==20748==    by 0x401C5E: main (rlg327.c:186)
==20748== 
==20748== LEAK SUMMARY:
==20748==    definitely lost: 0 bytes in 0 blocks
==20748==    indirectly lost: 0 bytes in 0 blocks
==20748==      possibly lost: 0 bytes in 0 blocks
==20748==    still reachable: 69,311 bytes in 333 blocks
==20748==         suppressed: 0 bytes in 0 blocks
==20748== 
==20748== For counts of detected and suppressed errors, rerun with: -v
==20748== ERROR SUMMARY: 0 errors from 0 contexts (suppressed: 0 from 0)
